build/app/outputs/mapping/release/seeds.txt
com.example.imagecaptioning.MainActivity: MainActivity()
com.example.imagecaptioning.MainActivity
...
io.flutter.embedding.engine.FlutterJNI: void nativeRegisterTexture(long,long,java.lang.ref.WeakReference)
io.flutter.plugin.editing.ImeSyncDeferringInsetsCallback: void remove()
io.flutter.embedding.engine.FlutterJNI: android.graphics.Bitmap decodeImage(java.nio.ByteBuffer,long)
io.flutter.embedding.engine.FlutterJNI: void onRenderingStopped()
androidx.appcompat.widget.AppCompatAutoCompleteTextView: void setDropDownBackgroundResource(int)
androidx.appcompat.widget.AppCompatTextView: void setSupportCompoundDrawablesTintList(android.content.res.ColorStateList)
androidx.core.content.ContextCompat$Api23Impl: android.content.res.ColorStateList getColorStateList(android.content.Context,int)
androidx.vectordrawable.graphics.drawable.VectorDrawableCompat$VGroup
androidx.appcompat.widget.AppCompatSpinner: android.graphics.PorterDuff$Mode getSupportBackgroundTintMode()
io.flutter.view.FlutterCallbackInformation: io.flutter.view.FlutterCallbackInformation lookupCallbackInformation(long)
androidx.vectordrawable.graphics.drawable.VectorDrawableCompat$VPathRenderer: float getAlpha()
androidx.lifecycle.ReportFragment$LifecycleCallbacks
androidx.appcompat.widget.DropDownListView: void setSelectorEnabled(boolean)
io.flutter.plugin.editing.ImeSyncDeferringInsetsCallback: int access$500(io.flutter.plugin.editing.ImeSyncDeferringInsetsCallback)
androidx.appcompat.widget.AppCompatTextView
androidx.lifecycle.Lifecycle$Event: androidx.lifecycle.Lifecycle$Event ON_STOP
androidx.core.app.CoreComponentFactory
androidx.appcompat.view.menu.ExpandedMenuView
io.flutter.embedding.engine.FlutterJNI: boolean nativeGetIsSoftwareRenderingEnabled()
io.flutter.plugin.platform.SingleViewPresentation: android.view.View$OnFocusChangeListener focusChangeListener
androidx.lifecycle.ReportFragment$LifecycleCallbacks: void onActivityPostStarted(android.app.Activity)
android.support.v4.app.RemoteActionCompatParcelizer: androidx.core.app.RemoteActionCompat read(androidx.versionedparcelable.VersionedParcel)
okhttp3.TlsVersion: okhttp3.TlsVersion valueOf(java.lang.String)
io.flutter.plugin.editing.ImeSyncDeferringInsetsCallback: ImeSyncDeferringInsetsCallback(android.view.View,int,int)
androidx.core.content.ContextCompat$Api19Impl: java.io.File[] getExternalFilesDirs(android.content.Context,java.lang.String)
androidx.appcompat.widget.AppCompatButton: int getAutoSizeMinTextSize()
androidx.appcompat.widget.AppCompatEditText: void setSupportBackgroundTintList(android.content.res.ColorStateList)
androidx.vectordrawable.graphics.drawable.VectorDrawableCompat$VFullPath: float getTrimPathStart()
io.flutter.embedding.engine.FlutterJNI: io.flutter.plugin.localization.LocalizationPlugin localizationPlugin
androidx.appcompat.widget.AppCompatAutoCompleteTextView: android.content.res.ColorStateList getSupportBackgroundTintList()
io.flutter.view.AccessibilityViewEmbedder: int nextFlutterId
io.flutter.embedding.android.FlutterImageView: io.flutter.embedding.engine.renderer.FlutterRenderer getAttachedRenderer()
androidx.appcompat.widget.AppCompatImageView: android.content.res.ColorStateList getSupportBackgroundTintList()
androidx.vectordrawable.graphics.drawable.VectorDrawableCompat$VPath: java.lang.String getPathName()
com.yalantis.ucrop.view.widget.AspectRatioTextView: void setActiveColor(int)
androidx.appcompat.widget.AppCompatImageView: void setImageResource(int)
androidx.appcompat.widget.AbsActionBarView: void setVisibility(int)
androidx.appcompat.widget.AppCompatTextView: void setSupportBackgroundTintList(android.content.res.ColorStateList)
androidx.appcompat.view.menu.ListMenuItemView: void setGroupDividerEnabled(boolean)
androidx.appcompat.widget.AppCompatImageButton: void setBackgroundDrawable(android.graphics.drawable.Drawable)
androidx.appcompat.widget.ActionMenuView: int getPopupTheme()
com.yalantis.ucrop.view.GestureCropImageView: void setScaleEnabled(boolean)
androidx.appcompat.widget.AppCompatCheckBox: int getCompoundPaddingLeft()
androidx.appcompat.widget.AppCompatCheckBox