build/app/outputs/mapping/release/usage.txt
com.example.imagecaptioning.R$menu
com.example.imagecaptioning.R$color
com.example.imagecaptioning.R$bool
com.example.imagecaptioning.R$mipmap
com.example.imagecaptioning.R$integer
com.example.imagecaptioning.R$interpolator
com.example.imagecaptioning.R$styleable
com.example.imagecaptioning.R$xml
com.example.imagecaptioning.R$layout
com.example.imagecaptioning.R$string
com.example.imagecaptioning.R$drawable
com.example.imagecaptioning.R$id
com.example.imagecaptioning.BuildConfig
com.example.imagecaptioning.R
com.example.imagecaptioning.R$style
com.example.imagecaptioning.R$animator
com.example.imagecaptioning.R$anim
com.example.imagecaptioning.R$attr
com.example.imagecaptioning.R$dimen
...
kotlin.UninitializedPropertyAccessException:
    public void <init>(java.lang.String,java.lang.Throwable)
    public void <init>(java.lang.Throwable)
kotlin.text.StringsKt__IndentKt$getIndentFunction$2
kotlin.reflect.KProperty0
io.flutter.embedding.engine.plugins.activity.ActivityPluginBinding:
    public abstract void addOnNewIntentListener(io.flutter.plugin.common.PluginRegistry$NewIntentListener)
    public abstract void removeOnNewIntentListener(io.flutter.plugin.common.PluginRegistry$NewIntentListener)
    public abstract void addOnUserLeaveHintListener(io.flutter.plugin.common.PluginRegistry$UserLeaveHintListener)
    public abstract void removeOnUserLeaveHintListener(io.flutter.plugin.common.PluginRegistry$UserLeaveHintListener)
    public abstract void addOnSaveStateListener(io.flutter.embedding.engine.plugins.activity.ActivityPluginBinding$OnSaveInstanceStateListener)
    public abstract void removeOnSaveStateListener(io.flutter.embedding.engine.plugins.activity.ActivityPluginBinding$OnSaveInstanceStateListener)
kotlin.sequences.SequencesKt___SequencesKt$sortedWith$1
kotlin.ExperimentalMultiplatform
androidx.core.app.NotificationCompat$MessagingStyle$Message
androidx.transition.SidePropagation
androidx.transition.MatrixUtils$1
androidx.appcompat.widget.Toolbar$SavedState:
    public void <init>(android.os.Parcel)
okio.Buffer:
    private void readFrom(java.io.InputStream,long,boolean)
    private boolean rangeEquals(okio.Segment,int,okio.ByteString,int,int)
    private okio.ByteString digest(java.lang.String)
    private okio.ByteString hmac(java.lang.String,okio.ByteString)
    public java.io.OutputStream outputStream()
    public okio.BufferedSink emit()
    public boolean request(long)
    public java.io.InputStream inputStream()
    public final okio.Buffer copyTo(java.io.OutputStream)
    public final okio.Buffer copyTo(java.io.OutputStream,long,long)
    public final okio.Buffer writeTo(java.io.OutputStream)
    public final okio.Buffer writeTo(java.io.OutputStream,long)
    public final okio.Buffer readFrom(java.io.InputStream)
    public final okio.Buffer readFrom(java.io.InputStream,long)
    public long readLong()
    public long readLongLe()
    public long readDecimalLong()
    public int select(okio.Options)
    int selectPrefix(okio.Options,boolean)
    public void readFully(okio.Buffer,long)
    public java.lang.String readString(java.nio.charset.Charset)
    public java.lang.String readUtf8Line()
    public int readUtf8CodePoint()
    public int read(byte[])
    public okio.Buffer writeString(java.lang.String,java.nio.charset.Charset)
    public okio.BufferedSink write(okio.Source,long)
    public okio.Buffer writeShortLe(int)
    public okio.Buffer writeIntLe(int)
    public okio.Buffer writeLong(long)
    public okio.Buffer writeLongLe(long)
kotlin.time.ClockKt
okhttp3.internal.cache2.Relay
okhttp3.internal.http2.Http2Connection:
    public okhttp3.Protocol getProtocol()
    public synchronized int openStreamCount()
    public okhttp3.internal.http2.Http2Stream pushStream(int,java.util.List,boolean)
    void writeSynReply(int,boolean,java.util.List)
    void writePingAndAwaitPong()
    void writePing()
    synchronized void awaitPong()
    public void setSettings(okhttp3.internal.http2.Settings)
    static final int OKHTTP_CLIENT_WINDOW_SIZE
    static final int INTERVAL_PING
    static final int DEGRADED_PING
    static final int AWAIT_PING
    static final long DEGRADED_PONG_TIMEOUT_NS
org.apache.commons.io.input.CharSequenceReader
androidx.core.internal.view.SupportMenu:
    public abstract void setGroupDividerEnabled(boolean)
    public static final int USER_MASK
    public static final int USER_SHIFT
    public static final int CATEGORY_MASK
    public static final int CATEGORY_SHIFT
    public static final int SUPPORTED_MODIFIERS_MASK
    public static final int FLAG_KEEP_OPEN_ON_SUBMENU_OPENED
kotlin.streams.jdk8.StreamsKt
androidx.core.os.HandlerCompat$Api29Impl
kotlin.io.ConsoleKt$decoder$2